android-tablet-gateway/app/build/intermediates/manifest_merge_blame_file/debug/processDebugMainManifest/manifest-merger-blame-debug-report.txt
1<?xml version="1.0" encoding="utf-8"?>
2<manifest xmlns:android="http://schemas.android.com/apk/res/android"
3    package="com.example.mahjongscoregateway"
4    android:versionCode="1"
5    android:versionName="0.1.0" >
6
7    <uses-sdk
8        android:minSdkVersion="23"
9        android:targetSdkVersion="35" />
10
11    <uses-permission android:name="android.permission.INTERNET" />
11-->src/main/AndroidManifest.xml:2:5-67
11-->src/main/AndroidManifest.xml:2:22-64
12    <uses-permission android:name="android.permission.CAMERA" />
12-->src/main/AndroidManifest.xml:3:5-65
12-->src/main/AndroidManifest.xml:3:22-62
13
14    <permission
14-->[androidx.core:core:1.15.0] AndroidManifest.xml:22:5-24:47
15        android:name="com.example.mahjongscoregateway.DYNAMIC_RECEIVER_NOT_EXPORTED_PERMISSION"
15-->[androidx.core:core:1.15.0] AndroidManifest.xml:23:9-81
16        android:protectionLevel="signature" />
16-->[androidx.core:core:1.15.0] AndroidManifest.xml:24:9-44
17
18    <uses-permission android:name="com.example.mahjongscoregateway.DYNAMIC_RECEIVER_NOT_EXPORTED_PERMISSION" /> <!-- Although the *SdkVersion is captured in gradle build files, this is required for non gradle builds -->
18-->[androidx.core:core:1.15.0] AndroidManifest.xml:26:5-97
18-->[androidx.core:core:1.15.0] AndroidManifest.xml:26:22-94
19    <!-- <uses-sdk android:minSdkVersion="14"/> -->
20    <uses-permission android:name="android.permission.ACCESS_NETWORK_STATE" />
20-->[com.google.android.datatransport:transport-backend-cct:2.3.3] AndroidManifest.xml:25:5-79
20-->[com.google.android.datatransport:transport-backend-cct:2.3.3] AndroidManifest.xml:25:22-76
21
22    <application
22-->src/main/AndroidManifest.xml:5:5-19:19
23        android:allowBackup="true"
23-->src/main/AndroidManifest.xml:6:9-35
24        android:appComponentFactory="androidx.core.app.CoreComponentFactory"
24-->[androidx.core:core:1.15.0] AndroidManifest.xml:28:18-86
25        android:debuggable="true"
26        android:extractNativeLibs="false"
27        android:label="麻雀卓点数送信"
27-->src/main/AndroidManifest.xml:7:9-32
28        android:theme="@style/AppTheme"
28-->src/main/AndroidManifest.xml:8:9-40
29        android:usesCleartextTraffic="true" >
29-->src/main/AndroidManifest.xml:9:9-44
30        <activity
30-->src/main/AndroidManifest.xml:10:9-18:20
31            android:name="com.example.mahjongscoregateway.MainActivity"
31-->src/main/AndroidManifest.xml:11:13-41
32            android:exported="true"
32-->src/main/AndroidManifest.xml:12:13-36
33            android:windowSoftInputMode="adjustResize" >
33-->src/main/AndroidManifest.xml:13:13-55
34            <intent-filter>
34-->src/main/AndroidManifest.xml:14:13-17:29
35                <action android:name="android.intent.action.MAIN" />
35-->src/main/AndroidManifest.xml:15:17-69
35-->src/main/AndroidManifest.xml:15:25-66
36
37                <category android:name="android.intent.category.LAUNCHER" />
37-->src/main/AndroidManifest.xml:16:17-77
37-->src/main/AndroidManifest.xml:16:27-74
38            </intent-filter>
39        </activity>
40        <!--
41        Service for holding metadata. Cannot be instantiated.
42        Metadata will be merged from other manifests.
43        -->
44        <service
44-->[androidx.camera:camera-core:1.4.1] AndroidManifest.xml:29:9-33:78
45            android:name="androidx.camera.core.impl.MetadataHolderService"
45-->[androidx.camera:camera-core:1.4.1] AndroidManifest.xml:30:13-75
46            android:enabled="false"
46-->[androidx.camera:camera-core:1.4.1] AndroidManifest.xml:31:13-36
47            android:exported="false" >
47-->[androidx.camera:camera-core:1.4.1] AndroidManifest.xml:32:13-37
48            <meta-data
48-->[androidx.camera:camera-camera2:1.4.1] AndroidManifest.xml:30:13-32:89
49                android:name="androidx.camera.core.impl.MetadataHolderService.DEFAULT_CONFIG_PROVIDER"
49-->[androidx.camera:camera-camera2:1.4.1] AndroidManifest.xml:31:17-103
50                android:value="androidx.camera.camera2.Camera2Config$DefaultProvider" />
50-->[androidx.camera:camera-camera2:1.4.1] AndroidManifest.xml:32:17-86
51        </service>
52        <service
52-->[com.google.android.gms:play-services-mlkit-text-recognition-common:19.1.0] AndroidManifest.xml:9:9-15:19
53            android:name="com.google.mlkit.common.internal.MlKitComponentDiscoveryService"
53-->[com.google.android.gms:play-services-mlkit-text-recognition-common:19.1.0] AndroidManifest.xml:10:13-91
54            android:directBootAware="true"
54-->[com.google.mlkit:common:18.11.0] AndroidManifest.xml:17:13-43
55            android:exported="false" >
55-->[com.google.android.gms:play-services-mlkit-text-recognition-common:19.1.0] AndroidManifest.xml:11:13-37
56            <meta-data
56-->[com.google.android.gms:play-services-mlkit-text-recognition-common:19.1.0] AndroidManifest.xml:12:13-14:85
57                android:name="com.google.firebase.components:com.google.mlkit.vision.text.internal.TextRegistrar"
57-->[com.google.android.gms:play-services-mlkit-text-recognition-common:19.1.0] AndroidManifest.xml:13:17-114
58                android:value="com.google.firebase.components.ComponentRegistrar" />
58-->[com.google.android.gms:play-services-mlkit-text-recognition-common:19.1.0] AndroidManifest.xml:14:17-82
59            <meta-data
59-->[com.google.mlkit:vision-common:17.3.0] AndroidManifest.xml:12:13-14:85
60                android:name="com.google.firebase.components:com.google.mlkit.vision.common.internal.VisionCommonRegistrar"
60-->[com.google.mlkit:vision-common:17.3.0] AndroidManifest.xml:13:17-124
61                android:value="com.google.firebase.components.ComponentRegistrar" />
61-->[com.google.mlkit:vision-common:17.3.0] AndroidManifest.xml:14:17-82
62            <meta-data
62-->[com.google.mlkit:common:18.11.0] AndroidManifest.xml:20:13-22:85
63                android:name="com.google.firebase.components:com.google.mlkit.common.internal.CommonComponentRegistrar"
63-->[com.google.mlkit:common:18.11.0] AndroidManifest.xml:21:17-120
64                android:value="com.google.firebase.components.ComponentRegistrar" />
64-->[com.google.mlkit:common:18.11.0] AndroidManifest.xml:22:17-82
65        </service>
66
67        <provider
67-->[com.google.mlkit:common:18.11.0] AndroidManifest.xml:9:9-13:38
68            android:name="com.google.mlkit.common.internal.MlKitInitProvider"
68-->[com.google.mlkit:common:18.11.0] AndroidManifest.xml:10:13-78
69            android:authorities="com.example.mahjongscoregateway.mlkitinitprovider"
69-->[com.google.mlkit:common:18.11.0] AndroidManifest.xml:11:13-69
70            android:exported="false"
70-->[com.google.mlkit:common:18.11.0] AndroidManifest.xml:12:13-37
71            android:initOrder="99" />
71-->[com.google.mlkit:common:18.11.0] AndroidManifest.xml:13:13-35
72
73        <activity
73-->[com.google.android.gms:play-services-base:18.5.0] AndroidManifest.xml:5:9-173
74            android:name="com.google.android.gms.common.api.GoogleApiActivity"
74-->[com.google.android.gms:play-services-base:18.5.0] AndroidManifest.xml:5:19-85
75            android:exported="false"
75-->[com.google.android.gms:play-services-base:18.5.0] AndroidManifest.xml:5:146-170
76            android:theme="@android:style/Theme.Translucent.NoTitleBar" />
76-->[com.google.android.gms:play-services-base:18.5.0] AndroidManifest.xml:5:86-145
77
78        <meta-data
78-->[com.google.android.gms:play-services-basement:18.4.0] AndroidManifest.xml:6:9-122
79            android:name="com.google.android.gms.version"
79-->[com.google.android.gms:play-services-basement:18.4.0] AndroidManifest.xml:6:20-65
80            android:value="@integer/google_play_services_version" />
80-->[com.google.android.gms:play-services-basement:18.4.0] AndroidManifest.xml:6:66-119
81
82        <provider
82-->[androidx.emoji2:emoji2:1.2.0] AndroidManifest.xml:24:9-32:20
83            android:name="androidx.startup.InitializationProvider"
83-->[androidx.emoji2:emoji2:1.2.0] AndroidManifest.xml:25:13-67
84            android:authorities="com.example.mahjongscoregateway.androidx-startup"
84-->[androidx.emoji2:emoji2:1.2.0] AndroidManifest.xml:26:13-68
85            android:exported="false" >
85-->[androidx.emoji2:emoji2:1.2.0] AndroidManifest.xml:27:13-37
86            <meta-data
86-->[androidx.emoji2:emoji2:1.2.0] AndroidManifest.xml:29:13-31:52
87                android:name="androidx.emoji2.text.EmojiCompatInitializer"
87-->[androidx.emoji2:emoji2:1.2.0] AndroidManifest.xml:30:17-75
88                android:value="androidx.startup" />
88-->[androidx.emoji2:emoji2:1.2.0] AndroidManifest.xml:31:17-49
89            <meta-data
89-->[androidx.lifecycle:lifecycle-process:2.6.2] AndroidManifest.xml:29:13-31:52
90                android:name="androidx.lifecycle.ProcessLifecycleInitializer"
90-->[androidx.lifecycle:lifecycle-process:2.6.2] AndroidManifest.xml:30:17-78
91                android:value="androidx.startup" />
91-->[androidx.lifecycle:lifecycle-process:2.6.2] AndroidManifest.xml:31:17-49
92            <meta-data
92-->[androidx.profileinstaller:profileinstaller:1.3.1] AndroidManifest.xml:29:13-31:52
93                android:name="androidx.profileinstaller.ProfileInstallerInitializer"
93-->[androidx.profileinstaller:profileinstaller:1.3.1] AndroidManifest.xml:30:17-85
94                android:value="androidx.startup" />
94-->[androidx.profileinstaller:profileinstaller:1.3.1] AndroidManifest.xml:31:17-49
95        </provider>
96
97        <receiver
97-->[androidx.profileinstaller:profileinstaller:1.3.1] AndroidManifest.xml:34:9-52:20
98            android:name="androidx.profileinstaller.ProfileInstallReceiver"
98-->[androidx.profileinstaller:profileinstaller:1.3.1] AndroidManifest.xml:35:13-76
99            android:directBootAware="false"
99-->[androidx.profileinstaller:profileinstaller:1.3.1] AndroidManifest.xml:36:13-44
100            android:enabled="true"
100-->[androidx.profileinstaller:profileinstaller:1.3.1] AndroidManifest.xml:37:13-35
101            android:exported="true"
101-->[androidx.profileinstaller:profileinstaller:1.3.1] AndroidManifest.xml:38:13-36
102            android:permission="android.permission.DUMP" >
102-->[androidx.profileinstaller:profileinstaller:1.3.1] AndroidManifest.xml:39:13-57
103            <intent-filter>
103-->[androidx.profileinstaller:profileinstaller:1.3.1] AndroidManifest.xml:40:13-42:29
104                <action android:name="androidx.profileinstaller.action.INSTALL_PROFILE" />
104-->[androidx.profileinstaller:profileinstaller:1.3.1] AndroidManifest.xml:41:17-91
104-->[androidx.profileinstaller:profileinstaller:1.3.1] AndroidManifest.xml:41:25-88
105            </intent-filter>
106            <intent-filter>
106-->[androidx.profileinstaller:profileinstaller:1.3.1] AndroidManifest.xml:43:13-45:29
107                <action android:name="androidx.profileinstaller.action.SKIP_FILE" />
107-->[androidx.profileinstaller:profileinstaller:1.3.1] AndroidManifest.xml:44:17-85
107-->[androidx.profileinstaller:profileinstaller:1.3.1] AndroidManifest.xml:44:25-82
108            </intent-filter>
109            <intent-filter>
109-->[androidx.profileinstaller:profileinstaller:1.3.1] AndroidManifest.xml:46:13-48:29
110                <action android:name="androidx.profileinstaller.action.SAVE_PROFILE" />
110-->[androidx.profileinstaller:profileinstaller:1.3.1] AndroidManifest.xml:47:17-88
110-->[androidx.profileinstaller:profileinstaller:1.3.1] AndroidManifest.xml:47:25-85
111            </intent-filter>
112            <intent-filter>
112-->[androidx.profileinstaller:profileinstaller:1.3.1] AndroidManifest.xml:49:13-51:29
113                <action android:name="androidx.profileinstaller.action.BENCHMARK_OPERATION" />
113-->[androidx.profileinstaller:profileinstaller:1.3.1] AndroidManifest.xml:50:17-95
113-->[androidx.profileinstaller:profileinstaller:1.3.1] AndroidManifest.xml:50:25-92
114            </intent-filter>
115        </receiver>
116
117        <service
117-->[com.google.android.datatransport:transport-backend-cct:2.3.3] AndroidManifest.xml:29:9-35:19
118            android:name="com.google.android.datatransport.runtime.backends.TransportBackendDiscovery"
118-->[com.google.android.datatransport:transport-backend-cct:2.3.3] AndroidManifest.xml:30:13-103
119            android:exported="false" >
119-->[com.google.android.datatransport:transport-backend-cct:2.3.3] AndroidManifest.xml:31:13-37
120            <meta-data
120-->[com.google.android.datatransport:transport-backend-cct:2.3.3] AndroidManifest.xml:32:13-34:39
121                android:name="backend:com.google.android.datatransport.cct.CctBackendFactory"
121-->[com.google.android.datatransport:transport-backend-cct:2.3.3] AndroidManifest.xml:33:17-94
122                android:value="cct" />
122-->[com.google.android.datatransport:transport-backend-cct:2.3.3] AndroidManifest.xml:34:17-36
123        </service>
124        <service
124-->[com.google.android.datatransport:transport-runtime:2.2.6] AndroidManifest.xml:26:9-30:19
125            android:name="com.google.android.datatransport.runtime.scheduling.jobscheduling.JobInfoSchedulerService"
125-->[com.google.android.datatransport:transport-runtime:2.2.6] AndroidManifest.xml:27:13-117
126            android:exported="false"
126-->[com.google.android.datatransport:transport-runtime:2.2.6] AndroidManifest.xml:28:13-37
127            android:permission="android.permission.BIND_JOB_SERVICE" >
127-->[com.google.android.datatransport:transport-runtime:2.2.6] AndroidManifest.xml:29:13-69
128        </service>
129
130        <receiver
130-->[com.google.android.datatransport:transport-runtime:2.2.6] AndroidManifest.xml:32:9-34:40
131            android:name="com.google.android.datatransport.runtime.scheduling.jobscheduling.AlarmManagerSchedulerBroadcastReceiver"
131-->[com.google.android.datatransport:transport-runtime:2.2.6] AndroidManifest.xml:33:13-132
132            android:exported="false" />
132-->[com.google.android.datatransport:transport-runtime:2.2.6] AndroidManifest.xml:34:13-37
133    </application>
134
135</manifest>